# JRE version: OpenJDK Runtime Environment (16.0.1+9) (build 16.0.1+9-24)
# Java VM: OpenJDK 64-Bit Server VM (16.0.1+9-24, mixed mode, sharing, tiered, compressed oops, compressed class ptrs, g1 gc, linux-amd64)
GC Precious Log:
 CPUs: 4 total, 4 available
 Memory: 15923M
 Large Page Support: Disabled
 NUMA Support: Disabled
 Compressed Oops: Enabled (Zero based)
 Heap Region Size: 2M
 Heap Min Capacity: 8M
 Heap Initial Capacity: 250M
 Heap Max Capacity: 3982M
 Pre-touch: Disabled
 Parallel Workers: 4
 Concurrent Workers: 1
 Concurrent Refinement Workers: 4
 Periodic GC: Disabled
Heap:
 garbage-first heap   total 233472K, used 134399K [0x0000000707200000, 0x0000000800000000)
  region size 2048K, 47 young (96256K), 1 survivors (2048K)
 Metaspace       used 57490K, committed 58048K, reserved 1105920K
  class space    used 8236K, committed 8512K, reserved 1048576K
GC Heap History (20 events):
Event: 3,091 GC heap before
{Heap before GC invocations=4 (full 0):
 garbage-first heap   total 260096K, used 31484K [0x0000000707200000, 0x0000000800000000)
  region size 2048K, 13 young (26624K), 4 survivors (8192K)
 Metaspace       used 20961K, committed 21248K, reserved 1073152K
  class space    used 2873K, committed 3008K, reserved 1048576K
}
Event: 3,101 GC heap after
{Heap after GC invocations=5 (full 0):
 garbage-first heap   total 260096K, used 15785K [0x0000000707200000, 0x0000000800000000)
  region size 2048K, 4 young (8192K), 4 survivors (8192K)
 Metaspace       used 20961K, committed 21248K, reserved 1073152K
  class space    used 2873K, committed 3008K, reserved 1048576K
}
Event: 3,737 GC heap before
{Heap before GC invocations=6 (full 0):
 garbage-first heap   total 75776K, used 52649K [0x0000000707200000, 0x0000000800000000)
  region size 2048K, 22 young (45056K), 4 survivors (8192K)
 Metaspace       used 24757K, committed 25088K, reserved 1073152K
  class space    used 3463K, committed 3584K, reserved 1048576K
}
Event: 3,748 GC heap after
{Heap after GC invocations=7 (full 0):
 garbage-first heap   total 75776K, used 17864K [0x0000000707200000, 0x0000000800000000)
  region size 2048K, 2 young (4096K), 2 survivors (4096K)
 Metaspace       used 24757K, committed 25088K, reserved 1073152K
  class space    used 3463K, committed 3584K, reserved 1048576K
}
Event: 4,129 GC heap before
{Heap before GC invocations=8 (full 0):
 garbage-first heap   total 75776K, used 52680K [0x0000000707200000, 0x0000000800000000)
  region size 2048K, 20 young (40960K), 2 survivors (4096K)
 Metaspace       used 28647K, committed 28992K, reserved 1081344K
  class space    used 4030K, committed 4160K, reserved 1048576K
}
Event: 4,144 GC heap after
{Heap after GC invocations=9 (full 0):
 garbage-first heap   total 75776K, used 20719K [0x0000000707200000, 0x0000000800000000)
  region size 2048K, 3 young (6144K), 3 survivors (6144K)
 Metaspace       used 28647K, committed 28992K, reserved 1081344K
  class space    used 4030K, committed 4160K, reserved 1048576K
}
Event: 4,173 GC heap before
{Heap before GC invocations=9 (full 0):
 garbage-first heap   total 75776K, used 51439K [0x0000000707200000, 0x0000000800000000)
  region size 2048K, 19 young (38912K), 3 survivors (6144K)
 Metaspace       used 28941K, committed 29312K, reserved 1081344K
  class space    used 4053K, committed 4224K, reserved 1048576K
}
Event: 4,179 GC heap after
{Heap after GC invocations=10 (full 0):
 garbage-first heap   total 163840K, used 21299K [0x0000000707200000, 0x0000000800000000)
  region size 2048K, 2 young (4096K), 2 survivors (4096K)
 Metaspace       used 28941K, committed 29312K, reserved 1081344K
  class space    used 4053K, committed 4224K, reserved 1048576K
}
Event: 4,967 GC heap before
{Heap before GC invocations=10 (full 0):
 garbage-first heap   total 163840K, used 113459K [0x0000000707200000, 0x0000000800000000)
  region size 2048K, 48 young (98304K), 2 survivors (4096K)
 Metaspace       used 36989K, committed 37440K, reserved 1081344K
  class space    used 5236K, committed 5440K, reserved 1048576K
}
Event: 4,991 GC heap after
{Heap after GC invocations=11 (full 0):
 garbage-first heap   total 163840K, used 23732K [0x0000000707200000, 0x0000000800000000)
  region size 2048K, 3 young (6144K), 3 survivors (6144K)
 Metaspace       used 36989K, committed 37440K, reserved 1081344K
  class space    used 5236K, committed 5440K, reserved 1048576K
}
Event: 5,369 GC heap before
{Heap before GC invocations=11 (full 0):
 garbage-first heap   total 163840K, used 44212K [0x0000000707200000, 0x0000000800000000)
  region size 2048K, 14 young (28672K), 3 survivors (6144K)
 Metaspace       used 41672K, committed 42048K, reserved 1089536K
  class space    used 5844K, committed 6016K, reserved 1048576K
}
Event: 5,379 GC heap after
{Heap after GC invocations=12 (full 0):
 garbage-first heap   total 163840K, used 25316K [0x0000000707200000, 0x0000000800000000)
  region size 2048K, 4 young (8192K), 4 survivors (8192K)
 Metaspace       used 41672K, committed 42048K, reserved 1089536K
  class space    used 5844K, committed 6016K, reserved 1048576K
}
Event: 6,155 GC heap before
{Heap before GC invocations=13 (full 0):
 garbage-first heap   total 116736K, used 86756K [0x0000000707200000, 0x0000000800000000)
  region size 2048K, 34 young (69632K), 4 survivors (8192K)
 Metaspace       used 49208K, committed 49664K, reserved 1097728K
  class space    used 7063K, committed 7296K, reserved 1048576K
}
Event: 6,168 GC heap after
{Heap after GC invocations=14 (full 0):
 garbage-first heap   total 116736K, used 29172K [0x0000000707200000, 0x0000000800000000)
  region size 2048K, 5 young (10240K), 5 survivors (10240K)
 Metaspace       used 49208K, committed 49664K, reserved 1097728K
  class space    used 7063K, committed 7296K, reserved 1048576K
}
Event: 6,719 GC heap before
{Heap before GC invocations=15 (full 0):
 garbage-first heap   total 116736K, used 86516K [0x0000000707200000, 0x0000000800000000)
  region size 2048K, 33 young (67584K), 5 survivors (10240K)
 Metaspace       used 52900K, committed 53376K, reserved 1097728K
  class space    used 7604K, committed 7808K, reserved 1048576K
}
Event: 6,763 GC heap after
{Heap after GC invocations=16 (full 0):
 garbage-first heap   total 116736K, used 36939K [0x0000000707200000, 0x0000000800000000)
  region size 2048K, 5 young (10240K), 5 survivors (10240K)
 Metaspace       used 52900K, committed 53376K, reserved 1097728K
  class space    used 7604K, committed 7808K, reserved 1048576K
}
Event: 6,944 GC heap before
{Heap before GC invocations=16 (full 0):
 garbage-first heap   total 116736K, used 84043K [0x0000000707200000, 0x0000000800000000)
  region size 2048K, 29 young (59392K), 5 survivors (10240K)
 Metaspace       used 53005K, committed 53440K, reserved 1097728K
  class space    used 7614K, committed 7808K, reserved 1048576K
}
Event: 6,960 GC heap after
{Heap after GC invocations=17 (full 0):
 garbage-first heap   total 116736K, used 41863K [0x0000000707200000, 0x0000000800000000)
  region size 2048K, 3 young (6144K), 3 survivors (6144K)
 Metaspace       used 53005K, committed 53440K, reserved 1097728K
  class space    used 7614K, committed 7808K, reserved 1048576K
}
Event: 7,235 GC heap before
{Heap before GC invocations=17 (full 0):
 garbage-first heap   total 116736K, used 82823K [0x0000000707200000, 0x0000000800000000)
  region size 2048K, 24 young (49152K), 3 survivors (6144K)
 Metaspace       used 53939K, committed 54400K, reserved 1097728K
  class space    used 7712K, committed 7936K, reserved 1048576K
}
Event: 7,248 GC heap after
{Heap after GC invocations=18 (full 0):
 garbage-first heap   total 233472K, used 42239K [0x0000000707200000, 0x0000000800000000)
  region size 2048K, 1 young (2048K), 1 survivors (2048K)
 Metaspace       used 53939K, committed 54400K, reserved 1097728K
  class space    used 7712K, committed 7936K, reserved 1048576K
}

